<?xml version="1.0" encoding="UTF-8"?>
<testsuite xmlns:xsi="http://www.w3.org/2001/XMLSchema-instance" xsi:noNamespaceSchemaLocation="https://maven.apache.org/surefire/maven-surefire-plugin/xsd/surefire-test-report.xsd" name="testRunner.TestRunner" time="22.262" tests="3" errors="0" skipped="0" failures="0">
  <properties>
[...]
</properties>
  <testcase name="Given open required url" classname="Scenario: open chrome browser" time="0.004"/>
  <testcase name="Then close browser" classname="Scenario: open chrome browser" time="0"/>
  <testcase name="Scenario: open chrome browser" classname="Scenario: open chrome browser" time="0"/>
</testsuite>